# JRE version: OpenJDK Runtime Environment (20.0.2+9) (build 20.0.2+9-78)
# Java VM: OpenJDK 64-Bit Server VM (20.0.2+9-78, mixed mode, emulated-client, sharing, tiered, compressed oops, compressed class ptrs, g1 gc, windows-amd64)
GC Precious Log:
 CardTable entry size: 512
 Card Set container configuration: InlinePtr #cards 5 size 8 Array Of Cards #cards 12 size 40 Howl #buckets 4 coarsen threshold 1843 Howl Bitmap #cards 512 size 80 coarsen threshold 460 Card regions per heap region 1 cards per card region 2048
 CPUs: 4 total, 4 available
 Memory: 3994M
 Large Page Support: Disabled
 NUMA Support: Disabled
 Compressed Oops: Enabled (32-bit)
 Heap Region Size: 1M
 Heap Min Capacity: 8M
 Heap Initial Capacity: 64M
 Heap Max Capacity: 1000M
 Pre-touch: Disabled
 Parallel Workers: 4
 Concurrent Workers: 1
 Concurrent Refinement Workers: 4
 Periodic GC: Disabled
Heap:
 garbage-first heap   total 51200K, used 44463K [0x00000000c1800000, 0x0000000100000000)
  region size 1024K, 24 young (24576K), 3 survivors (3072K)
 Metaspace       used 47381K, committed 47936K, reserved 1114112K
  class space    used 6423K, committed 6656K, reserved 1048576K
GC Heap History (20 events):
Event: 2.467 GC heap after
{Heap after GC invocations=1 (full 0):
 garbage-first heap   total 65536K, used 7424K [0x00000000c1800000, 0x0000000100000000)
  region size 1024K, 2 young (2048K), 2 survivors (2048K)
 Metaspace       used 3347K, committed 3520K, reserved 1114112K
  class space    used 384K, committed 448K, reserved 1048576K
}
Event: 3.203 GC heap before
{Heap before GC invocations=1 (full 0):
 garbage-first heap   total 65536K, used 17664K [0x00000000c1800000, 0x0000000100000000)
  region size 1024K, 12 young (12288K), 2 survivors (2048K)
 Metaspace       used 7472K, committed 7744K, reserved 1114112K
  class space    used 907K, committed 1024K, reserved 1048576K
}
Event: 3.209 GC heap after
{Heap after GC invocations=2 (full 0):
 garbage-first heap   total 65536K, used 8320K [0x00000000c1800000, 0x0000000100000000)
  region size 1024K, 2 young (2048K), 2 survivors (2048K)
 Metaspace       used 7472K, committed 7744K, reserved 1114112K
  class space    used 907K, committed 1024K, reserved 1048576K
}
Event: 4.068 GC heap before
{Heap before GC invocations=2 (full 0):
 garbage-first heap   total 65536K, used 33920K [0x00000000c1800000, 0x0000000100000000)
  region size 1024K, 28 young (28672K), 2 survivors (2048K)
 Metaspace       used 13047K, committed 13376K, reserved 1114112K
  class space    used 1738K, committed 1920K, reserved 1048576K
}
Event: 4.072 GC heap after
{Heap after GC invocations=3 (full 0):
 garbage-first heap   total 65536K, used 10171K [0x00000000c1800000, 0x0000000100000000)
  region size 1024K, 3 young (3072K), 3 survivors (3072K)
 Metaspace       used 13047K, committed 13376K, reserved 1114112K
  class space    used 1738K, committed 1920K, reserved 1048576K
}
Event: 5.551 GC heap before
{Heap before GC invocations=3 (full 0):
 garbage-first heap   total 65536K, used 44987K [0x00000000c1800000, 0x0000000100000000)
  region size 1024K, 38 young (38912K), 3 survivors (3072K)
 Metaspace       used 20611K, committed 20928K, reserved 1114112K
  class space    used 2765K, committed 2944K, reserved 1048576K
}
Event: 5.558 GC heap after
{Heap after GC invocations=4 (full 0):
 garbage-first heap   total 65536K, used 12782K [0x00000000c1800000, 0x0000000100000000)
  region size 1024K, 5 young (5120K), 5 survivors (5120K)
 Metaspace       used 20611K, committed 20928K, reserved 1114112K
  class space    used 2765K, committed 2944K, reserved 1048576K
}
Event: 5.919 GC heap before
{Heap before GC invocations=4 (full 0):
 garbage-first heap   total 65536K, used 17902K [0x00000000c1800000, 0x0000000100000000)
  region size 1024K, 11 young (11264K), 5 survivors (5120K)
 Metaspace       used 21198K, committed 21504K, reserved 1114112K
  class space    used 2828K, committed 3008K, reserved 1048576K
}
Event: 5.926 GC heap after
{Heap after GC invocations=5 (full 0):
 garbage-first heap   total 65536K, used 13594K [0x00000000c1800000, 0x0000000100000000)
  region size 1024K, 4 young (4096K), 4 survivors (4096K)
 Metaspace       used 21198K, committed 21504K, reserved 1114112K
  class space    used 2828K, committed 3008K, reserved 1048576K
}
Event: 7.658 GC heap before
{Heap before GC invocations=6 (full 0):
 garbage-first heap   total 51200K, used 40218K [0x00000000c1800000, 0x0000000100000000)
  region size 1024K, 30 young (30720K), 4 survivors (4096K)
 Metaspace       used 23535K, committed 23872K, reserved 1114112K
  class space    used 3176K, committed 3328K, reserved 1048576K
}
Event: 7.666 GC heap after
{Heap after GC invocations=7 (full 0):
 garbage-first heap   total 51200K, used 15419K [0x00000000c1800000, 0x0000000100000000)
  region size 1024K, 3 young (3072K), 3 survivors (3072K)
 Metaspace       used 23535K, committed 23872K, reserved 1114112K
  class space    used 3176K, committed 3328K, reserved 1048576K
}
Event: 8.390 GC heap before
{Heap before GC invocations=7 (full 0):
 garbage-first heap   total 51200K, used 39995K [0x00000000c1800000, 0x0000000100000000)
  region size 1024K, 27 young (27648K), 3 survivors (3072K)
 Metaspace       used 26533K, committed 27008K, reserved 1114112K
  class space    used 3629K, committed 3840K, reserved 1048576K
}
Event: 8.396 GC heap after
{Heap after GC invocations=8 (full 0):
 garbage-first heap   total 51200K, used 17145K [0x00000000c1800000, 0x0000000100000000)
  region size 1024K, 4 young (4096K), 4 survivors (4096K)
 Metaspace       used 26533K, committed 27008K, reserved 1114112K
  class space    used 3629K, committed 3840K, reserved 1048576K
}
Event: 8.996 GC heap before
{Heap before GC invocations=8 (full 0):
 garbage-first heap   total 51200K, used 41721K [0x00000000c1800000, 0x0000000100000000)
  region size 1024K, 28 young (28672K), 4 survivors (4096K)
 Metaspace       used 31635K, committed 32064K, reserved 1114112K
  class space    used 4285K, committed 4480K, reserved 1048576K
}
Event: 9.003 GC heap after
{Heap after GC invocations=9 (full 0):
 garbage-first heap   total 51200K, used 19775K [0x00000000c1800000, 0x0000000100000000)
  region size 1024K, 4 young (4096K), 4 survivors (4096K)
 Metaspace       used 31635K, committed 32064K, reserved 1114112K
  class space    used 4285K, committed 4480K, reserved 1048576K
}
Event: 9.490 GC heap before
{Heap before GC invocations=9 (full 0):
 garbage-first heap   total 51200K, used 39231K [0x00000000c1800000, 0x0000000100000000)
  region size 1024K, 25 young (25600K), 4 survivors (4096K)
 Metaspace       used 35379K, committed 35968K, reserved 1114112K
  class space    used 4805K, committed 5120K, reserved 1048576K
}
Event: 9.497 GC heap after
{Heap after GC invocations=10 (full 0):
 garbage-first heap   total 51200K, used 21698K [0x00000000c1800000, 0x0000000100000000)
  region size 1024K, 2 young (2048K), 2 survivors (2048K)
 Metaspace       used 35379K, committed 35968K, reserved 1114112K
  class space    used 4805K, committed 5120K, reserved 1048576K
}
Event: 9.946 GC heap before
{Heap before GC invocations=11 (full 0):
 garbage-first heap   total 51200K, used 42178K [0x00000000c1800000, 0x0000000100000000)
  region size 1024K, 23 young (23552K), 2 survivors (2048K)
 Metaspace       used 40355K, committed 40960K, reserved 1114112K
  class space    used 5495K, committed 5760K, reserved 1048576K
}
Event: 9.950 GC heap after
{Heap after GC invocations=12 (full 0):
 garbage-first heap   total 51200K, used 22959K [0x00000000c1800000, 0x0000000100000000)
  region size 1024K, 3 young (3072K), 3 survivors (3072K)
 Metaspace       used 40355K, committed 40960K, reserved 1114112K
  class space    used 5495K, committed 5760K, reserved 1048576K
}
Event: 10.881 GC heap before
{Heap before GC invocations=12 (full 0):
 garbage-first heap   total 51200K, used 44463K [0x00000000c1800000, 0x0000000100000000)
  region size 1024K, 24 young (24576K), 3 survivors (3072K)
 Metaspace       used 47381K, committed 47936K, reserved 1114112K
  class space    used 6423K, committed 6656K, reserved 1048576K
}

